{"D:\\універ\\2 куркурс\\BackEnd -\\Lab3\\JavaScript.js": {"path":"D:\\універ\\2 куркурс\\BackEnd -\\Lab3\\JavaScript.js","statementMap":{"0":{"start":{"line":1,"column":12},"end":{"line":1,"column":28}},"1":{"start":{"line":3,"column":0},"end":{"line":3,"column":21}}},"fnMap":{},"branchMap":{},"s":{"0":1,"1":1},"f":{},"b":{},"_coverageSchema":"1a1c01bbd47fc00a2c39e90264f33305004495a9","hash":"b97cc3ee77e6afc51a51a69592e5750990a9d633"}
,"D:\\універ\\2 куркурс\\BackEnd -\\Lab3\\app.js": {"path":"D:\\універ\\2 куркурс\\BackEnd -\\Lab3\\app.js","statementMap":{"0":{"start":{"line":1,"column":16},"end":{"line":1,"column":34}},"1":{"start":{"line":3,"column":22},"end":{"line":3,"column":49}},"2":{"start":{"line":4,"column":33},"end":{"line":4,"column":71}},"3":{"start":{"line":5,"column":24},"end":{"line":5,"column":53}},"4":{"start":{"line":7,"column":12},"end":{"line":7,"column":21}},"5":{"start":{"line":9,"column":0},"end":{"line":9,"column":24}},"6":{"start":{"line":10,"column":0},"end":{"line":10,"column":34}},"7":{"start":{"line":11,"column":0},"end":{"line":11,"column":25}},"8":{"start":{"line":13,"column":0},"end":{"line":13,"column":35}},"9":{"start":{"line":15,"column":0},"end":{"line":15,"column":21}}},"fnMap":{},"branchMap":{},"s":{"0":1,"1":1,"2":1,"3":1,"4":1,"5":1,"6":1,"7":1,"8":1,"9":1},"f":{},"b":{},"_coverageSchema":"1a1c01bbd47fc00a2c39e90264f33305004495a9","hash":"daa7d17ebb7ee7465d0e5ae824bec62f16cd34ed"}
,"D:\\універ\\2 куркурс\\BackEnd -\\Lab3\\bin\\www": {"path":"D:\\універ\\2 куркурс\\BackEnd -\\Lab3\\bin\\www","statementMap":{"0":{"start":{"line":1,"column":12},"end":{"line":1,"column":29}},"1":{"start":{"line":3,"column":13},"end":{"line":3,"column":37}},"2":{"start":{"line":5,"column":0},"end":{"line":7,"column":3}},"3":{"start":{"line":6,"column":4},"end":{"line":6,"column":71}}},"fnMap":{"0":{"name":"(anonymous_0)","decl":{"start":{"line":5,"column":17},"end":{"line":5,"column":18}},"loc":{"start":{"line":5,"column":23},"end":{"line":7,"column":1}},"line":5}},"branchMap":{"0":{"loc":{"start":{"line":3,"column":13},"end":{"line":3,"column":37}},"type":"binary-expr","locations":[{"start":{"line":3,"column":13},"end":{"line":3,"column":29}},{"start":{"line":3,"column":33},"end":{"line":3,"column":37}}],"line":3}},"s":{"0":1,"1":1,"2":1,"3":1},"f":{"0":1},"b":{"0":[1,1]},"inputSourceMap":null,"_coverageSchema":"1a1c01bbd47fc00a2c39e90264f33305004495a9","hash":"4dc7f92509483ee915f2b26a1699cddf720029ac"}
,"D:\\універ\\2 куркурс\\BackEnd -\\Lab3\\db\\connection.js": {"path":"D:\\універ\\2 куркурс\\BackEnd -\\Lab3\\db\\connection.js","statementMap":{"0":{"start":{"line":1,"column":14},"end":{"line":1,"column":31}},"1":{"start":{"line":3,"column":11},"end":{"line":11,"column":2}},"2":{"start":{"line":13,"column":0},"end":{"line":13,"column":20}}},"fnMap":{},"branchMap":{"0":{"loc":{"start":{"line":4,"column":10},"end":{"line":4,"column":44}},"type":"binary-expr","locations":[{"start":{"line":4,"column":10},"end":{"line":4,"column":29}},{"start":{"line":4,"column":33},"end":{"line":4,"column":44}}],"line":4},"1":{"loc":{"start":{"line":5,"column":10},"end":{"line":5,"column":46}},"type":"binary-expr","locations":[{"start":{"line":5,"column":10},"end":{"line":5,"column":29}},{"start":{"line":5,"column":33},"end":{"line":5,"column":46}}],"line":5},"2":{"loc":{"start":{"line":6,"column":14},"end":{"line":6,"column":58}},"type":"binary-expr","locations":[{"start":{"line":6,"column":14},"end":{"line":6,"column":37}},{"start":{"line":6,"column":41},"end":{"line":6,"column":58}}],"line":6},"3":{"loc":{"start":{"line":7,"column":14},"end":{"line":7,"column":41}},"type":"binary-expr","locations":[{"start":{"line":7,"column":14},"end":{"line":7,"column":33}},{"start":{"line":7,"column":37},"end":{"line":7,"column":41}}],"line":7}},"s":{"0":1,"1":1,"2":1},"f":{},"b":{"0":[1,1],"1":[1,1],"2":[1,1],"3":[1,1]},"_coverageSchema":"1a1c01bbd47fc00a2c39e90264f33305004495a9","hash":"13d1f0d0261cde740401e9f740c0edf043959cfc"}
,"D:\\універ\\2 куркурс\\BackEnd -\\Lab3\\events\\statsEmitter.js": {"path":"D:\\універ\\2 куркурс\\BackEnd -\\Lab3\\events\\statsEmitter.js","statementMap":{"0":{"start":{"line":1,"column":21},"end":{"line":1,"column":38}},"1":{"start":{"line":2,"column":11},"end":{"line":2,"column":24}},"2":{"start":{"line":3,"column":13},"end":{"line":3,"column":28}},"3":{"start":{"line":7,"column":21},"end":{"line":7,"column":39}},"4":{"start":{"line":8,"column":22},"end":{"line":8,"column":62}},"5":{"start":{"line":10,"column":0},"end":{"line":25,"column":3}},"6":{"start":{"line":11,"column":22},"end":{"line":11,"column":24}},"7":{"start":{"line":13,"column":4},"end":{"line":20,"column":5}},"8":{"start":{"line":14,"column":8},"end":{"line":19,"column":9}},"9":{"start":{"line":15,"column":32},"end":{"line":15,"column":70}},"10":{"start":{"line":16,"column":12},"end":{"line":16,"column":58}},"11":{"start":{"line":18,"column":12},"end":{"line":18,"column":29}},"12":{"start":{"line":22,"column":4},"end":{"line":22,"column":27}},"13":{"start":{"line":23,"column":4},"end":{"line":23,"column":74}},"14":{"start":{"line":24,"column":4},"end":{"line":24,"column":55}},"15":{"start":{"line":27,"column":0},"end":{"line":27,"column":30}}},"fnMap":{"0":{"name":"(anonymous_0)","decl":{"start":{"line":10,"column":36},"end":{"line":10,"column":37}},"loc":{"start":{"line":10,"column":46},"end":{"line":25,"column":1}},"line":10}},"branchMap":{"0":{"loc":{"start":{"line":13,"column":4},"end":{"line":20,"column":5}},"type":"if","locations":[{"start":{"line":13,"column":4},"end":{"line":20,"column":5}},{"start":{},"end":{}}],"line":13},"1":{"loc":{"start":{"line":16,"column":37},"end":{"line":16,"column":56}},"type":"binary-expr","locations":[{"start":{"line":16,"column":37},"end":{"line":16,"column":48}},{"start":{"line":16,"column":52},"end":{"line":16,"column":56}}],"line":16}},"s":{"0":4,"1":4,"2":4,"3":4,"4":4,"5":4,"6":4,"7":4,"8":3,"9":3,"10":3,"11":1,"12":4,"13":4,"14":4,"15":4},"f":{"0":4},"b":{"0":[3,1],"1":[3,1]},"_coverageSchema":"1a1c01bbd47fc00a2c39e90264f33305004495a9","hash":"1060fa231463a356ec93bb7e5f6e161d09dc8634"}
,"D:\\універ\\2 куркурс\\BackEnd -\\Lab3\\middleware\\stats.js": {"path":"D:\\універ\\2 куркурс\\BackEnd -\\Lab3\\middleware\\stats.js","statementMap":{"0":{"start":{"line":1,"column":21},"end":{"line":1,"column":54}},"1":{"start":{"line":3,"column":13},"end":{"line":12,"column":1}},"2":{"start":{"line":4,"column":4},"end":{"line":4,"column":25}},"3":{"start":{"line":4,"column":14},"end":{"line":4,"column":25}},"4":{"start":{"line":6,"column":19},"end":{"line":6,"column":29}},"5":{"start":{"line":7,"column":4},"end":{"line":9,"column":7}},"6":{"start":{"line":8,"column":8},"end":{"line":8,"column":45}},"7":{"start":{"line":8,"column":25},"end":{"line":8,"column":45}},"8":{"start":{"line":11,"column":4},"end":{"line":11,"column":18}},"9":{"start":{"line":14,"column":24},"end":{"line":30,"column":1}},"10":{"start":{"line":15,"column":4},"end":{"line":27,"column":7}},"11":{"start":{"line":16,"column":22},"end":{"line":24,"column":9}},"12":{"start":{"line":26,"column":8},"end":{"line":26,"column":53}},"13":{"start":{"line":29,"column":4},"end":{"line":29,"column":11}},"14":{"start":{"line":32,"column":0},"end":{"line":32,"column":33}}},"fnMap":{"0":{"name":"(anonymous_0)","decl":{"start":{"line":3,"column":13},"end":{"line":3,"column":14}},"loc":{"start":{"line":3,"column":22},"end":{"line":12,"column":1}},"line":3},"1":{"name":"(anonymous_1)","decl":{"start":{"line":7,"column":43},"end":{"line":7,"column":44}},"loc":{"start":{"line":7,"column":52},"end":{"line":9,"column":5}},"line":7},"2":{"name":"(anonymous_2)","decl":{"start":{"line":14,"column":24},"end":{"line":14,"column":25}},"loc":{"start":{"line":14,"column":44},"end":{"line":30,"column":1}},"line":14},"3":{"name":"(anonymous_3)","decl":{"start":{"line":15,"column":21},"end":{"line":15,"column":22}},"loc":{"start":{"line":15,"column":27},"end":{"line":27,"column":5}},"line":15}},"branchMap":{"0":{"loc":{"start":{"line":4,"column":4},"end":{"line":4,"column":25}},"type":"if","locations":[{"start":{"line":4,"column":4},"end":{"line":4,"column":25}},{"start":{},"end":{}}],"line":4},"1":{"loc":{"start":{"line":8,"column":8},"end":{"line":8,"column":45}},"type":"if","locations":[{"start":{"line":8,"column":8},"end":{"line":8,"column":45}},{"start":{},"end":{}}],"line":8},"2":{"loc":{"start":{"line":22,"column":27},"end":{"line":22,"column":80}},"type":"cond-expr","locations":[{"start":{"line":22,"column":46},"end":{"line":22,"column":69}},{"start":{"line":22,"column":72},"end":{"line":22,"column":80}}],"line":22}},"s":{"0":3,"1":3,"2":104,"3":2,"4":102,"5":102,"6":306,"7":3,"8":102,"9":3,"10":52,"11":52,"12":52,"13":52,"14":3},"f":{"0":104,"1":306,"2":52,"3":52},"b":{"0":[2,102],"1":[3,303],"2":[50,2]},"_coverageSchema":"1a1c01bbd47fc00a2c39e90264f33305004495a9","hash":"14289ab455a8f4f29f905a98fcd893c861a437a8"}
,"D:\\універ\\2 куркурс\\BackEnd -\\Lab3\\middleware\\timingAndLimit.js": {"path":"D:\\універ\\2 куркурс\\BackEnd -\\Lab3\\middleware\\timingAndLimit.js","statementMap":{"0":{"start":{"line":1,"column":14},"end":{"line":1,"column":16}},"1":{"start":{"line":3,"column":24},"end":{"line":5,"column":9}},"2":{"start":{"line":4,"column":4},"end":{"line":4,"column":17}},"3":{"start":{"line":7,"column":0},"end":{"line":7,"column":24}},"4":{"start":{"line":9,"column":33},"end":{"line":32,"column":1}},"5":{"start":{"line":10,"column":18},"end":{"line":10,"column":34}},"6":{"start":{"line":11,"column":15},"end":{"line":11,"column":21}},"7":{"start":{"line":13,"column":4},"end":{"line":13,"column":41}},"8":{"start":{"line":14,"column":4},"end":{"line":16,"column":5}},"9":{"start":{"line":15,"column":8},"end":{"line":15,"column":68}},"10":{"start":{"line":18,"column":25},"end":{"line":18,"column":33}},"11":{"start":{"line":19,"column":4},"end":{"line":29,"column":6}},"12":{"start":{"line":20,"column":8},"end":{"line":26,"column":9}},"13":{"start":{"line":21,"column":25},"end":{"line":21,"column":46}},"14":{"start":{"line":22,"column":29},"end":{"line":22,"column":72}},"15":{"start":{"line":24,"column":12},"end":{"line":24,"column":62}},"16":{"start":{"line":25,"column":12},"end":{"line":25,"column":40}},"17":{"start":{"line":28,"column":8},"end":{"line":28,"column":45}},"18":{"start":{"line":31,"column":4},"end":{"line":31,"column":11}},"19":{"start":{"line":34,"column":0},"end":{"line":34,"column":42}}},"fnMap":{"0":{"name":"(anonymous_0)","decl":{"start":{"line":3,"column":36},"end":{"line":3,"column":37}},"loc":{"start":{"line":3,"column":42},"end":{"line":5,"column":1}},"line":3},"1":{"name":"(anonymous_1)","decl":{"start":{"line":9,"column":33},"end":{"line":9,"column":34}},"loc":{"start":{"line":9,"column":53},"end":{"line":32,"column":1}},"line":9},"2":{"name":"(anonymous_2)","decl":{"start":{"line":19,"column":15},"end":{"line":19,"column":16}},"loc":{"start":{"line":19,"column":31},"end":{"line":29,"column":5}},"line":19}},"branchMap":{"0":{"loc":{"start":{"line":13,"column":19},"end":{"line":13,"column":35}},"type":"binary-expr","locations":[{"start":{"line":13,"column":19},"end":{"line":13,"column":30}},{"start":{"line":13,"column":34},"end":{"line":13,"column":35}}],"line":13},"1":{"loc":{"start":{"line":14,"column":4},"end":{"line":16,"column":5}},"type":"if","locations":[{"start":{"line":14,"column":4},"end":{"line":16,"column":5}},{"start":{},"end":{}}],"line":14},"2":{"loc":{"start":{"line":20,"column":8},"end":{"line":26,"column":9}},"type":"if","locations":[{"start":{"line":20,"column":8},"end":{"line":26,"column":9}},{"start":{},"end":{}}],"line":20},"3":{"loc":{"start":{"line":20,"column":12},"end":{"line":20,"column":57}},"type":"binary-expr","locations":[{"start":{"line":20,"column":12},"end":{"line":20,"column":33}},{"start":{"line":20,"column":37},"end":{"line":20,"column":57}}],"line":20}},"s":{"0":3,"1":3,"2":1,"3":3,"4":3,"5":53,"6":53,"7":53,"8":53,"9":2,"10":51,"11":51,"12":51,"13":50,"14":50,"15":50,"16":50,"17":51,"18":51,"19":3},"f":{"0":1,"1":53,"2":51},"b":{"0":[53,2],"1":[2,51],"2":[50,1],"3":[51,51]},"_coverageSchema":"1a1c01bbd47fc00a2c39e90264f33305004495a9","hash":"b1d36f29d6bdd8e02142148f1ad4fb9c94e8d9c7"}
,"D:\\універ\\2 куркурс\\BackEnd -\\Lab3\\routes\\clients.js": {"path":"D:\\універ\\2 куркурс\\BackEnd -\\Lab3\\routes\\clients.js","statementMap":{"0":{"start":{"line":1,"column":16},"end":{"line":1,"column":34}},"1":{"start":{"line":3,"column":11},"end":{"line":3,"column":38}},"2":{"start":{"line":5,"column":15},"end":{"line":5,"column":31}},"3":{"start":{"line":7,"column":0},"end":{"line":12,"column":3}},"4":{"start":{"line":8,"column":4},"end":{"line":11,"column":7}},"5":{"start":{"line":9,"column":8},"end":{"line":9,"column":69}},"6":{"start":{"line":9,"column":17},"end":{"line":9,"column":69}},"7":{"start":{"line":10,"column":8},"end":{"line":10,"column":26}},"8":{"start":{"line":14,"column":0},"end":{"line":22,"column":3}},"9":{"start":{"line":15,"column":66},"end":{"line":15,"column":74}},"10":{"start":{"line":16,"column":18},"end":{"line":16,"column":111}},"11":{"start":{"line":18,"column":4},"end":{"line":21,"column":7}},"12":{"start":{"line":19,"column":8},"end":{"line":19,"column":69}},"13":{"start":{"line":19,"column":17},"end":{"line":19,"column":69}},"14":{"start":{"line":20,"column":8},"end":{"line":20,"column":73}},"15":{"start":{"line":24,"column":0},"end":{"line":33,"column":3}},"16":{"start":{"line":25,"column":19},"end":{"line":25,"column":29}},"17":{"start":{"line":27,"column":4},"end":{"line":32,"column":7}},"18":{"start":{"line":28,"column":8},"end":{"line":28,"column":69}},"19":{"start":{"line":28,"column":17},"end":{"line":28,"column":69}},"20":{"start":{"line":29,"column":8},"end":{"line":29,"column":93}},"21":{"start":{"line":29,"column":39},"end":{"line":29,"column":93}},"22":{"start":{"line":31,"column":8},"end":{"line":31,"column":54}},"23":{"start":{"line":35,"column":0},"end":{"line":35,"column":24}}},"fnMap":{"0":{"name":"(anonymous_0)","decl":{"start":{"line":7,"column":16},"end":{"line":7,"column":17}},"loc":{"start":{"line":7,"column":30},"end":{"line":12,"column":1}},"line":7},"1":{"name":"(anonymous_1)","decl":{"start":{"line":8,"column":38},"end":{"line":8,"column":39}},"loc":{"start":{"line":8,"column":56},"end":{"line":11,"column":5}},"line":8},"2":{"name":"(anonymous_2)","decl":{"start":{"line":14,"column":17},"end":{"line":14,"column":18}},"loc":{"start":{"line":14,"column":31},"end":{"line":22,"column":1}},"line":14},"3":{"name":"(anonymous_3)","decl":{"start":{"line":18,"column":73},"end":{"line":18,"column":74}},"loc":{"start":{"line":18,"column":90},"end":{"line":21,"column":5}},"line":18},"4":{"name":"(anonymous_4)","decl":{"start":{"line":24,"column":22},"end":{"line":24,"column":23}},"loc":{"start":{"line":24,"column":36},"end":{"line":33,"column":1}},"line":24},"5":{"name":"(anonymous_5)","decl":{"start":{"line":27,"column":55},"end":{"line":27,"column":56}},"loc":{"start":{"line":27,"column":72},"end":{"line":32,"column":5}},"line":27}},"branchMap":{"0":{"loc":{"start":{"line":9,"column":8},"end":{"line":9,"column":69}},"type":"if","locations":[{"start":{"line":9,"column":8},"end":{"line":9,"column":69}},{"start":{},"end":{}}],"line":9},"1":{"loc":{"start":{"line":19,"column":8},"end":{"line":19,"column":69}},"type":"if","locations":[{"start":{"line":19,"column":8},"end":{"line":19,"column":69}},{"start":{},"end":{}}],"line":19},"2":{"loc":{"start":{"line":28,"column":8},"end":{"line":28,"column":69}},"type":"if","locations":[{"start":{"line":28,"column":8},"end":{"line":28,"column":69}},{"start":{},"end":{}}],"line":28},"3":{"loc":{"start":{"line":29,"column":8},"end":{"line":29,"column":93}},"type":"if","locations":[{"start":{"line":29,"column":8},"end":{"line":29,"column":93}},{"start":{},"end":{}}],"line":29}},"s":{"0":1,"1":1,"2":1,"3":1,"4":52,"5":52,"6":1,"7":51,"8":1,"9":2,"10":2,"11":2,"12":2,"13":1,"14":1,"15":1,"16":3,"17":3,"18":3,"19":1,"20":2,"21":1,"22":1,"23":1},"f":{"0":52,"1":52,"2":2,"3":2,"4":3,"5":3},"b":{"0":[1,51],"1":[1,1],"2":[1,2],"3":[1,1]},"_coverageSchema":"1a1c01bbd47fc00a2c39e90264f33305004495a9","hash":"cb65ec8824c9b0ea615cd01cd37f0c6b0b63d8f4"}
}
