{"D:\\універ\\2 куркурс\\BackEnd -\\Lab3\\routes\\clients.js": {"path":"D:\\універ\\2 куркурс\\BackEnd -\\Lab3\\routes\\clients.js","statementMap":{"0":{"start":{"line":1,"column":16},"end":{"line":1,"column":34}},"1":{"start":{"line":3,"column":11},"end":{"line":3,"column":38}},"2":{"start":{"line":5,"column":15},"end":{"line":5,"column":31}},"3":{"start":{"line":7,"column":0},"end":{"line":12,"column":3}},"4":{"start":{"line":8,"column":4},"end":{"line":11,"column":7}},"5":{"start":{"line":9,"column":8},"end":{"line":9,"column":69}},"6":{"start":{"line":9,"column":17},"end":{"line":9,"column":69}},"7":{"start":{"line":10,"column":8},"end":{"line":10,"column":26}},"8":{"start":{"line":14,"column":0},"end":{"line":22,"column":3}},"9":{"start":{"line":15,"column":66},"end":{"line":15,"column":74}},"10":{"start":{"line":16,"column":18},"end":{"line":16,"column":111}},"11":{"start":{"line":18,"column":4},"end":{"line":21,"column":7}},"12":{"start":{"line":19,"column":8},"end":{"line":19,"column":69}},"13":{"start":{"line":19,"column":17},"end":{"line":19,"column":69}},"14":{"start":{"line":20,"column":8},"end":{"line":20,"column":73}},"15":{"start":{"line":24,"column":0},"end":{"line":33,"column":3}},"16":{"start":{"line":25,"column":19},"end":{"line":25,"column":29}},"17":{"start":{"line":27,"column":4},"end":{"line":32,"column":7}},"18":{"start":{"line":28,"column":8},"end":{"line":28,"column":69}},"19":{"start":{"line":28,"column":17},"end":{"line":28,"column":69}},"20":{"start":{"line":29,"column":8},"end":{"line":29,"column":93}},"21":{"start":{"line":29,"column":39},"end":{"line":29,"column":93}},"22":{"start":{"line":31,"column":8},"end":{"line":31,"column":54}},"23":{"start":{"line":35,"column":0},"end":{"line":35,"column":24}}},"fnMap":{"0":{"name":"(anonymous_0)","decl":{"start":{"line":7,"column":16},"end":{"line":7,"column":17}},"loc":{"start":{"line":7,"column":30},"end":{"line":12,"column":1}},"line":7},"1":{"name":"(anonymous_1)","decl":{"start":{"line":8,"column":38},"end":{"line":8,"column":39}},"loc":{"start":{"line":8,"column":56},"end":{"line":11,"column":5}},"line":8},"2":{"name":"(anonymous_2)","decl":{"start":{"line":14,"column":17},"end":{"line":14,"column":18}},"loc":{"start":{"line":14,"column":31},"end":{"line":22,"column":1}},"line":14},"3":{"name":"(anonymous_3)","decl":{"start":{"line":18,"column":73},"end":{"line":18,"column":74}},"loc":{"start":{"line":18,"column":90},"end":{"line":21,"column":5}},"line":18},"4":{"name":"(anonymous_4)","decl":{"start":{"line":24,"column":22},"end":{"line":24,"column":23}},"loc":{"start":{"line":24,"column":36},"end":{"line":33,"column":1}},"line":24},"5":{"name":"(anonymous_5)","decl":{"start":{"line":27,"column":55},"end":{"line":27,"column":56}},"loc":{"start":{"line":27,"column":72},"end":{"line":32,"column":5}},"line":27}},"branchMap":{"0":{"loc":{"start":{"line":9,"column":8},"end":{"line":9,"column":69}},"type":"if","locations":[{"start":{"line":9,"column":8},"end":{"line":9,"column":69}},{"start":{},"end":{}}],"line":9},"1":{"loc":{"start":{"line":19,"column":8},"end":{"line":19,"column":69}},"type":"if","locations":[{"start":{"line":19,"column":8},"end":{"line":19,"column":69}},{"start":{},"end":{}}],"line":19},"2":{"loc":{"start":{"line":28,"column":8},"end":{"line":28,"column":69}},"type":"if","locations":[{"start":{"line":28,"column":8},"end":{"line":28,"column":69}},{"start":{},"end":{}}],"line":28},"3":{"loc":{"start":{"line":29,"column":8},"end":{"line":29,"column":93}},"type":"if","locations":[{"start":{"line":29,"column":8},"end":{"line":29,"column":93}},{"start":{},"end":{}}],"line":29}},"s":{"0":1,"1":1,"2":1,"3":1,"4":2,"5":2,"6":1,"7":1,"8":1,"9":2,"10":2,"11":2,"12":2,"13":1,"14":1,"15":1,"16":3,"17":3,"18":3,"19":1,"20":2,"21":1,"22":1,"23":1},"f":{"0":2,"1":2,"2":2,"3":2,"4":3,"5":3},"b":{"0":[1,1],"1":[1,1],"2":[1,2],"3":[1,1]},"_coverageSchema":"1a1c01bbd47fc00a2c39e90264f33305004495a9","hash":"cb65ec8824c9b0ea615cd01cd37f0c6b0b63d8f4"}
}
