TN:
SF:JavaScript.js
FNF:0
FNH:0
DA:1,1
LF:1
LH:1
BRF:0
BRH:0
end_of_record
TN:
SF:app.js
FNF:0
FNH:0
DA:1,1
DA:2,1
DA:3,1
DA:5,1
DA:7,1
DA:8,1
DA:10,1
DA:12,1
LF:8
LH:8
BRF:0
BRH:0
end_of_record
TN:
SF:mongoose.js
FN:3,startServer
FN:4,(anonymous_1)
FNF:2
FNH:2
FNDA:2,startServer
FNDA:2,(anonymous_1)
DA:1,1
DA:4,2
DA:5,2
DA:6,2
DA:15,1
DA:16,1
LF:6
LH:6
BRDA:3,0,0,1
BRF:1
BRH:1
end_of_record
TN:
SF:db\client.js
FNF:0
FNH:0
DA:1,2
DA:2,2
DA:4,2
DA:6,2
DA:8,2
DA:10,2
LF:6
LH:6
BRDA:8,0,0,2
BRDA:8,0,1,1
BRF:2
BRH:2
end_of_record
TN:
SF:db\connection.js
FN:5,connectToDatabase
FN:11,(anonymous_1)
FN:16,(anonymous_2)
FNF:3
FNH:3
FNDA:4,connectToDatabase
FNDA:2,(anonymous_1)
FNDA:1,(anonymous_2)
DA:1,4
DA:3,4
DA:6,4
DA:7,1
DA:10,3
DA:12,2
DA:13,1
DA:16,1
DA:19,4
LF:9
LH:9
BRDA:6,0,0,1
BRDA:6,0,1,3
BRDA:12,1,0,1
BRDA:12,1,1,1
BRF:4
BRH:4
end_of_record
TN:
SF:events\deletionLog.js
FNF:0
FNH:0
DA:1,2
DA:3,2
DA:9,2
DA:11,2
LF:4
LH:4
BRDA:9,0,0,2
BRDA:9,0,1,1
BRF:2
BRH:2
end_of_record
TN:
SF:middleware\deletionLogger.js
FN:3,attachDeletionLogger
FN:4,(anonymous_1)
FNF:2
FNH:2
FNDA:3,attachDeletionLogger
FNDA:3,(anonymous_1)
DA:1,3
DA:4,3
DA:5,3
DA:7,3
DA:8,3
DA:13,2
DA:14,1
DA:17,1
DA:22,3
LF:9
LH:9
BRDA:13,0,0,1
BRDA:13,0,1,1
BRF:2
BRH:2
end_of_record
TN:
SF:routes\clients.js
FN:6,(anonymous_0)
FN:15,(anonymous_1)
FN:25,(anonymous_2)
FNF:3
FNH:3
FNDA:2,(anonymous_0)
FNDA:2,(anonymous_1)
FNDA:3,(anonymous_2)
DA:1,1
DA:2,1
DA:4,1
DA:6,1
DA:7,2
DA:8,2
DA:9,1
DA:11,1
DA:15,1
DA:16,2
DA:17,2
DA:18,2
DA:19,1
DA:21,1
DA:25,1
DA:26,3
DA:27,3
DA:29,2
DA:30,1
DA:32,1
DA:35,1
DA:39,1
LF:22
LH:22
BRDA:29,0,0,1
BRDA:29,0,1,1
BRF:2
BRH:2
end_of_record
