TN:
SF:routes\clients.js
FN:7,(anonymous_0)
FN:8,(anonymous_1)
FN:14,(anonymous_2)
FN:18,(anonymous_3)
FN:24,(anonymous_4)
FN:27,(anonymous_5)
FNF:6
FNH:6
FNDA:2,(anonymous_0)
FNDA:2,(anonymous_1)
FNDA:2,(anonymous_2)
FNDA:2,(anonymous_3)
FNDA:3,(anonymous_4)
FNDA:3,(anonymous_5)
DA:1,1
DA:3,1
DA:5,1
DA:7,1
DA:8,2
DA:9,2
DA:10,1
DA:14,1
DA:15,2
DA:16,2
DA:18,2
DA:19,2
DA:20,1
DA:24,1
DA:25,3
DA:27,3
DA:28,3
DA:29,2
DA:31,1
DA:35,1
LF:20
LH:20
BRDA:9,0,0,1
BRDA:9,0,1,1
BRDA:19,1,0,1
BRDA:19,1,1,1
BRDA:28,2,0,1
BRDA:28,2,1,2
BRDA:29,3,0,1
BRDA:29,3,1,1
BRF:8
BRH:8
end_of_record
